2021-03-18 22:58:17 [scrapy] DEBUG: Crawled (200) <GET https://www.amazon.es/robots.txt> (referer: None)
2021-03-18 22:58:17 [scrapy] DEBUG: Redirecting (301) to <GET https://www.amazon.es/None/s?k=None> from <GET https://www.amazon.es/s?k=None&ref=nb_sb_noss_2>
2021-03-18 22:58:18 [scrapy] DEBUG: Crawled (200) <GET https://www.amazon.es/None/s?k=None> (referer: None)
2021-03-18 22:58:18 [scrapy] ERROR: Spider error processing <GET https://www.amazon.es/None/s?k=None> (referer: None)
Traceback (most recent call last):
  File "/mnt/c/projetos/products_scrape/venv/lib/python3.8/site-packages/scrapy/utils/defer.py", line 120, in iter_errback
    yield next(it)
  File "/mnt/c/projetos/products_scrape/venv/lib/python3.8/site-packages/scrapy/utils/python.py", line 353, in __next__
    return next(self.data)
  File "/mnt/c/projetos/products_scrape/venv/lib/python3.8/site-packages/scrapy/utils/python.py", line 353, in __next__
    return next(self.data)
  File "/mnt/c/projetos/products_scrape/venv/lib/python3.8/site-packages/scrapy/core/spidermw.py", line 62, in _evaluate_iterable
    for r in iterable:
  File "/mnt/c/projetos/products_scrape/venv/lib/python3.8/site-packages/scrapy/spidermiddlewares/offsite.py", line 29, in process_spider_output
    for x in result:
  File "/mnt/c/projetos/products_scrape/venv/lib/python3.8/site-packages/scrapy/core/spidermw.py", line 62, in _evaluate_iterable
    for r in iterable:
  File "/mnt/c/projetos/products_scrape/venv/lib/python3.8/site-packages/scrapy/spidermiddlewares/referer.py", line 340, in <genexpr>
    return (_set_referer(r) for r in result or ())
  File "/mnt/c/projetos/products_scrape/venv/lib/python3.8/site-packages/scrapy/core/spidermw.py", line 62, in _evaluate_iterable
    for r in iterable:
  File "/mnt/c/projetos/products_scrape/venv/lib/python3.8/site-packages/scrapy/spidermiddlewares/urllength.py", line 37, in <genexpr>
    return (r for r in result or () if _filter(r))
  File "/mnt/c/projetos/products_scrape/venv/lib/python3.8/site-packages/scrapy/core/spidermw.py", line 62, in _evaluate_iterable
    for r in iterable:
  File "/mnt/c/projetos/products_scrape/venv/lib/python3.8/site-packages/scrapy/spidermiddlewares/depth.py", line 58, in <genexpr>
    return (r for r in result or () if _filter(r))
  File "/mnt/c/projetos/products_scrape/venv/lib/python3.8/site-packages/scrapy/core/spidermw.py", line 62, in _evaluate_iterable
    for r in iterable:
  File "/mnt/c/projetos/products_scrape/productscraper/productscraper/spiders/amazon_spider.py", line 15, in parse
    print(self.param1)
AttributeError: 'AmazonSpiderSpider' object has no attribute 'param1'
2021-03-18 22:58:18 [scrapy] INFO: Closing spider (finished)
2021-03-18 22:58:18 [scrapy] INFO: Dumping Scrapy stats:
{'downloader/request_bytes': 801,
 'downloader/request_count': 3,
 'downloader/request_method_count/GET': 3,
 'downloader/response_bytes': 94008,
 'downloader/response_count': 3,
 'downloader/response_status_count/200': 2,
 'downloader/response_status_count/301': 1,
 'elapsed_time_seconds': 1.16335,
 'finish_reason': 'finished',
 'finish_time': datetime.datetime(2021, 3, 18, 22, 58, 18, 316357),
 'log_count/DEBUG': 3,
 'log_count/ERROR': 1,
 'log_count/INFO': 7,
 'memusage/max': 48979968,
 'memusage/startup': 48979968,
 'response_received_count': 2,
 'robotstxt/request_count': 1,
 'robotstxt/response_count': 1,
 'robotstxt/response_status_count/200': 1,
 'scheduler/dequeued': 2,
 'scheduler/dequeued/memory': 2,
 'scheduler/enqueued': 2,
 'scheduler/enqueued/memory': 2,
 'spider_exceptions/AttributeError': 1,
 'start_time': datetime.datetime(2021, 3, 18, 22, 58, 17, 153007)}
2021-03-18 22:58:18 [scrapy] INFO: Spider closed (finished)
