2021-03-18 22:14:48 [scrapy] DEBUG: Crawled (200) <GET https://www.amazon.es/robots.txt> (referer: None)
2021-03-18 22:14:48 [scrapy] DEBUG: Redirecting (301) to <GET https://www.amazon.es/None/s?k=None> from <GET https://www.amazon.es/s?k=None&ref=nb_sb_noss_2>
2021-03-18 22:14:49 [scrapy] DEBUG: Crawled (200) <GET https://www.amazon.es/None/s?k=None> (referer: None)
2021-03-18 22:14:49 [scrapy] DEBUG: Scraped from <200 https://www.amazon.es/None/s?k=None>
{'product_name': ['The Big Lebowski',
                  'Bosch Season 3',
                  'Covert Affairs',
                  'Supernatural - Season 6',
                  "S´Nonas S'Nonas Crema Hidratante Glicerinada Manos, 250 ml, "
                  'Pack de 1',
                  'KOKKOKU',
                  'SAPIENS, ma non troppo: Síntomas sin explicación médica',
                  'Season 04',
                  'Non sei solo (Italian Edition)',
                  'Triumph Doreen Non Wired - Sujetador para mujer',
                  'No Country for Old Men',
                  "The Dead Don't Die",
                  'S´nonas Gel Sanitario 500 ml',
                  'Brittany Runs A Marathon',
                  "Non-Designer's Design Book, The",
                  'Playing With Fire',
                  'The Ultimate Non Fungible Token (NFT) Guidebook: A '
                  'Practical Guide to Everything NFT in Everyday Language '
                  '(English Edition)',
                  'NONE Gorro Quirúrgico Ajustable Gorro de Cirugía Unisex '
                  'Transpirable Médico Enfermera Enfermera Sombrero de Trabajo '
                  'Gorro de Cirugía - Verde Negruzco',
                  'Jack Reacher: Never Go Back',
                  "Gel higienizante S'nonas garrafa 5L",
                  'Alegre ma non troppo',
                  'Los días de Nono.: El día que Nono se hizo pis en el '
                  'pasillo. El día que Nono se equivocó de falda.',
                  'Street Kings',
                  'The Holiday',
                  'None Gorro de Matorral Quirúrgico Gorro de Médico Gorro de '
                  'Enfermera Gorro de Enfermera Gorro de Cirujano Gorro con '
                  'Banda de Sudor para Mujeres Hombres Hospital',
                  'Persona Non Grata (Portuguese Edition)',
                  'Maxi Nona Corona para cumpleaños o Fiestas Infantiles con '
                  'números del 1 al 9 (Corazón)',
                  'Non-Referential Architecture: Ideated by Valerio Olgiati - '
                  'Written by Markus Breitschmid',
                  'gel hidroalcohólico 100 ml S´nonas',
                  'Allegro ma non troppo (Divulgación)',
                  'Conjunto de 5 Piezas Cola de Sirena para Nadar para niñas '
                  'Traje de baño Sirena Incluyendo Coronas y Collares',
                  'The Polar Express',
                  'Gel hidroalcoholico antiseptico para manos limpieza sin '
                  'agua 500ml',
                  'Non ho niente da mettermi (tranne il sorriso). Il manuale '
                  'di stile per imparare ad amarsi e trovare la felicità in '
                  'fondo al cassetto (Webstar)',
                  'NAVITECH Laptop Bolsa violeta violeta Razer Blade Full HD '
                  'Non-touch',
                  'Io non ho paura (Einaudi. Stile libero big)',
                  'HFTEK HF77B Non-VESA Kit de Montaje para no VESA Pantallas '
                  'de Monitor Kit Adaptador',
                  "None\xa0Brand Women's Push Up Adjustable Breathable Bra, "
                  'Strapless Front Buckle Underwear',
                  'Not a Boy, Not a Girl',
                  'Allegro ma non troppo (Fuera de Colección)',
                  'Event Horizon',
                  'NIKE Med Band Bra Non Pad Sujetador de Deporte Mujer',
                  'Vellos non deben namorarse, os (bc): 4 (Biblioteca '
                  'Castelao)',
                  "We're No Angels",
                  'Gel Hidroalcohólico Antiséptico. 75% Alcohol. En frasco de '
                  '500ml.',
                  'NAVITECH Laptop Bolsa violeta violeta Dell XPS 13 Non-Touch',
                  'NIKE Med Non Pad Bra Sujetador de Deporte Mujer',
                  'None\xa0Brand GouBao 4 Piezas Fundas de Sillas de Comedor, '
                  'Elásticas y Modernas Funda Asiento Silla, Desmontables '
                  'Lavables Cubiertas para Sillas para Comedor Hotel Banquete '
                  'de Boda Decoración (Beige)'],
 'product_price': ['3,99',
                   '1,85',
                   '26,00',
                   '3,99',
                   '38,79',
                   '3,99',
                   '7,99',
                   '4,95',
                   '30,22',
                   '3,99',
                   '0,00',
                   '4,87',
                   '2,99',
                   '24,90',
                   '6,40',
                   '3,99',
                   '6,99',
                   '3,95',
                   '16,95',
                   '25,00',
                   '2,99',
                   '8,50',
                   '23,68',
                   '3,99',
                   '4,95',
                   '16,90',
                   '14,00',
                   '14,99',
                   '14,85',
                   '11,40',
                   '3,99',
                   '21,44',
                   '14,15',
                   '5,85',
                   '29,99',
                   '14,99']}
2021-03-18 22:14:49 [scrapy] INFO: Closing spider (finished)
2021-03-18 22:14:49 [scrapy] INFO: Dumping Scrapy stats:
{'downloader/request_bytes': 801,
 'downloader/request_count': 3,
 'downloader/request_method_count/GET': 3,
 'downloader/response_bytes': 91333,
 'downloader/response_count': 3,
 'downloader/response_status_count/200': 2,
 'downloader/response_status_count/301': 1,
 'elapsed_time_seconds': 1.204268,
 'finish_reason': 'finished',
 'finish_time': datetime.datetime(2021, 3, 18, 22, 14, 49, 305095),
 'item_scraped_count': 1,
 'log_count/DEBUG': 4,
 'log_count/INFO': 7,
 'memusage/max': 52801536,
 'memusage/startup': 52801536,
 'response_received_count': 2,
 'robotstxt/request_count': 1,
 'robotstxt/response_count': 1,
 'robotstxt/response_status_count/200': 1,
 'scheduler/dequeued': 2,
 'scheduler/dequeued/memory': 2,
 'scheduler/enqueued': 2,
 'scheduler/enqueued/memory': 2,
 'start_time': datetime.datetime(2021, 3, 18, 22, 14, 48, 100827)}
2021-03-18 22:14:49 [scrapy] INFO: Spider closed (finished)
